2024-01-29T15:09:35.234 - D
2024-01-29T15:09:35.405 - S
2024-01-29T15:09:35.413 - A
2024-01-29T15:09:35.661 - D
2024-01-29T15:09:36.214 - M
2024-01-29T15:09:36.317 - F
2024-01-29T15:09:36.341 - L
2024-01-29T15:09:36.493 - S
2024-01-29T15:09:36.533 - M
2024-01-29T15:09:36.637 - L
2024-01-29T15:09:36.741 - F
2024-01-29T15:09:36.845 - M
2024-01-29T15:09:36.901 - A
2024-01-29T15:09:37.029 - S
2024-01-29T15:09:37.077 - D
2024-01-29T15:09:37.205 - F
2024-01-29T15:09:37.229 - L
2024-01-29T15:09:37.557 - E
2024-01-29T15:09:37.789 - A
2024-01-29T15:11:15.681 - A
2024-01-29T15:11:15.725 - S
2024-01-29T15:11:15.902 - D
2024-01-29T15:11:16.469 - S
2024-01-29T15:11:16.629 - D
2024-01-29T15:11:16.805 - A
2024-01-29T15:11:16.989 - S
2024-01-29T15:11:17.119 - D
2024-01-29T15:11:17.477 - W
2024-01-29T15:11:17.662 - D
2024-01-29T15:11:18.597 - S
2024-01-29T15:11:18.709 - D
2024-01-29T15:11:18.997 - Q
2024-01-29T15:11:19.181 - D
2024-01-29T15:11:19.374 - S
2024-01-29T15:11:19.541 - D
2024-01-29T15:11:19.885 - D
2024-01-29T15:11:20.197 - A
2024-01-29T15:11:20.222 - S
2024-01-29T15:11:20.350 - D
2024-01-29T15:30:33.080 - D
2024-01-29T15:30:33.293 - A
2024-01-29T15:30:33.325 - S
2024-01-29T15:30:33.557 - D
2024-01-29T15:30:33.709 - A
2024-01-29T15:30:33.805 - S
2024-01-29T15:30:33.909 - D
2024-01-29T15:30:34.093 - A
2024-01-29T15:30:34.397 - S
2024-01-29T15:30:34.589 - D
2024-01-29T15:30:34.781 - A
2024-01-29T15:30:34.949 - S
2024-01-29T15:30:35.101 - D
2024-01-29T15:30:35.301 - A
2024-01-29T15:30:35.429 - S
2024-01-29T15:30:35.581 - D
2024-01-29T15:53:44.577 - Escape
